{"C:\\Users\\carlo\\OneDrive\\Área de Trabalho\\Pet Time\\pet-time-api\\src\\controllers\\createUserController.ts": {"path":"C:\\Users\\carlo\\OneDrive\\Área de Trabalho\\Pet Time\\pet-time-api\\src\\controllers\\createUserController.ts","statementMap":{"0":{"start":{"line":6,"column":0},"end":{"line":6,"column":15}},"1":{"start":{"line":2,"column":0},"end":{"line":2,"column":62}},"2":{"start":{"line":3,"column":0},"end":{"line":3,"column":52}},"3":{"start":{"line":7,"column":2},"end":{"line":20,"column":3}},"4":{"start":{"line":8,"column":34},"end":{"line":8,"column":42}},"5":{"start":{"line":10,"column":20},"end":{"line":13,"column":null}},"6":{"start":{"line":15,"column":4},"end":{"line":15,"column":null}},"7":{"start":{"line":17,"column":4},"end":{"line":17,"column":null}},"8":{"start":{"line":19,"column":4},"end":{"line":19,"column":null}}},"fnMap":{"0":{"name":"createUserController","decl":{"start":{"line":6,"column":30},"end":{"line":6,"column":50}},"loc":{"start":{"line":6,"column":109},"end":{"line":21,"column":1}}}},"branchMap":{},"s":{"0":1,"1":1,"2":1,"3":1,"4":1,"5":1,"6":1,"7":1,"8":0},"f":{"0":1},"b":{}}
,"C:\\Users\\carlo\\OneDrive\\Área de Trabalho\\Pet Time\\pet-time-api\\src\\controllers\\userUpdateController.ts": {"path":"C:\\Users\\carlo\\OneDrive\\Área de Trabalho\\Pet Time\\pet-time-api\\src\\controllers\\userUpdateController.ts","statementMap":{"0":{"start":{"line":6,"column":0},"end":{"line":6,"column":15}},"1":{"start":{"line":3,"column":0},"end":{"line":3,"column":73}},"2":{"start":{"line":7,"column":2},"end":{"line":15,"column":3}},"3":{"start":{"line":8,"column":27},"end":{"line":8,"column":35}},"4":{"start":{"line":10,"column":4},"end":{"line":10,"column":null}},"5":{"start":{"line":12,"column":4},"end":{"line":12,"column":null}},"6":{"start":{"line":14,"column":4},"end":{"line":14,"column":null}}},"fnMap":{"0":{"name":"userUpdateController","decl":{"start":{"line":6,"column":30},"end":{"line":6,"column":50}},"loc":{"start":{"line":6,"column":109},"end":{"line":16,"column":1}}}},"branchMap":{},"s":{"0":1,"1":1,"2":1,"3":1,"4":1,"5":1,"6":0},"f":{"0":1},"b":{}}
,"C:\\Users\\carlo\\OneDrive\\Área de Trabalho\\Pet Time\\pet-time-api\\src\\repositories\\userCreateRepository.ts": {"path":"C:\\Users\\carlo\\OneDrive\\Área de Trabalho\\Pet Time\\pet-time-api\\src\\repositories\\userCreateRepository.ts","statementMap":{"0":{"start":{"line":2,"column":0},"end":{"line":2,"column":45}},"1":{"start":{"line":5,"column":15},"end":{"line":5,"column":33}},"2":{"start":{"line":9,"column":30},"end":{"line":13,"column":6}},"3":{"start":{"line":14,"column":4},"end":{"line":14,"column":null}},"4":{"start":{"line":18,"column":20},"end":{"line":26,"column":6}},"5":{"start":{"line":28,"column":4},"end":{"line":28,"column":null}},"6":{"start":{"line":7,"column":0},"end":{"line":7,"column":13}}},"fnMap":{"0":{"name":"(anonymous_0)","decl":{"start":{"line":8,"column":2},"end":{"line":8,"column":7}},"loc":{"start":{"line":8,"column":33},"end":{"line":15,"column":3}}},"1":{"name":"(anonymous_1)","decl":{"start":{"line":17,"column":2},"end":{"line":17,"column":7}},"loc":{"start":{"line":17,"column":46},"end":{"line":29,"column":3}}}},"branchMap":{},"s":{"0":1,"1":1,"2":0,"3":0,"4":0,"5":0,"6":1},"f":{"0":0,"1":0},"b":{}}
,"C:\\Users\\carlo\\OneDrive\\Área de Trabalho\\Pet Time\\pet-time-api\\src\\repositories\\userUpdateRepository.ts": {"path":"C:\\Users\\carlo\\OneDrive\\Área de Trabalho\\Pet Time\\pet-time-api\\src\\repositories\\userUpdateRepository.ts","statementMap":{"0":{"start":{"line":1,"column":0},"end":{"line":1,"column":45}},"1":{"start":{"line":3,"column":0},"end":{"line":3,"column":59}},"2":{"start":{"line":5,"column":15},"end":{"line":5,"column":33}},"3":{"start":{"line":9,"column":24},"end":{"line":13,"column":6}},"4":{"start":{"line":14,"column":4},"end":{"line":14,"column":null}},"5":{"start":{"line":18,"column":29},"end":{"line":22,"column":6}},"6":{"start":{"line":24,"column":4},"end":{"line":26,"column":5}},"7":{"start":{"line":25,"column":6},"end":{"line":25,"column":48}},"8":{"start":{"line":28,"column":24},"end":{"line":39,"column":6}},"9":{"start":{"line":41,"column":4},"end":{"line":41,"column":null}},"10":{"start":{"line":7,"column":0},"end":{"line":7,"column":13}}},"fnMap":{"0":{"name":"(anonymous_0)","decl":{"start":{"line":8,"column":2},"end":{"line":8,"column":7}},"loc":{"start":{"line":8,"column":35},"end":{"line":15,"column":3}}},"1":{"name":"(anonymous_1)","decl":{"start":{"line":17,"column":2},"end":{"line":17,"column":7}},"loc":{"start":{"line":17,"column":50},"end":{"line":42,"column":3}}}},"branchMap":{"0":{"loc":{"start":{"line":24,"column":4},"end":{"line":26,"column":5}},"type":"if","locations":[{"start":{"line":24,"column":4},"end":{"line":26,"column":5}}]},"1":{"loc":{"start":{"line":33,"column":14},"end":{"line":33,"column":52}},"type":"binary-expr","locations":[{"start":{"line":33,"column":14},"end":{"line":33,"column":27}},{"start":{"line":33,"column":31},"end":{"line":33,"column":52}}]},"2":{"loc":{"start":{"line":34,"column":18},"end":{"line":34,"column":64}},"type":"binary-expr","locations":[{"start":{"line":34,"column":18},"end":{"line":34,"column":35}},{"start":{"line":34,"column":39},"end":{"line":34,"column":64}}]},"3":{"loc":{"start":{"line":36,"column":15},"end":{"line":36,"column":55}},"type":"binary-expr","locations":[{"start":{"line":36,"column":15},"end":{"line":36,"column":29}},{"start":{"line":36,"column":33},"end":{"line":36,"column":55}}]},"4":{"loc":{"start":{"line":37,"column":18},"end":{"line":37,"column":84}},"type":"binary-expr","locations":[{"start":{"line":37,"column":18},"end":{"line":37,"column":55}},{"start":{"line":37,"column":59},"end":{"line":37,"column":84}}]}},"s":{"0":1,"1":1,"2":1,"3":0,"4":0,"5":0,"6":0,"7":0,"8":0,"9":0,"10":1},"f":{"0":0,"1":0},"b":{"0":[0],"1":[0,0],"2":[0,0],"3":[0,0],"4":[0,0]}}
,"C:\\Users\\carlo\\OneDrive\\Área de Trabalho\\Pet Time\\pet-time-api\\src\\use-cases\\userCreateUseCase.ts": {"path":"C:\\Users\\carlo\\OneDrive\\Área de Trabalho\\Pet Time\\pet-time-api\\src\\use-cases\\userCreateUseCase.ts","statementMap":{"0":{"start":{"line":7,"column":0},"end":{"line":7,"column":7}},"1":{"start":{"line":1,"column":0},"end":{"line":1,"column":69}},"2":{"start":{"line":5,"column":23},"end":{"line":5,"column":43}},"3":{"start":{"line":8,"column":2},"end":{"line":10,"column":3}},"4":{"start":{"line":9,"column":4},"end":{"line":9,"column":null}},"5":{"start":{"line":12,"column":23},"end":{"line":12,"column":71}},"6":{"start":{"line":13,"column":2},"end":{"line":15,"column":3}},"7":{"start":{"line":14,"column":4},"end":{"line":14,"column":null}},"8":{"start":{"line":17,"column":18},"end":{"line":17,"column":55}},"9":{"start":{"line":19,"column":2},"end":{"line":19,"column":null}}},"fnMap":{"0":{"name":"createUseCase","decl":{"start":{"line":7,"column":22},"end":{"line":7,"column":35}},"loc":{"start":{"line":7,"column":67},"end":{"line":20,"column":1}}}},"branchMap":{"0":{"loc":{"start":{"line":8,"column":2},"end":{"line":10,"column":3}},"type":"if","locations":[{"start":{"line":8,"column":2},"end":{"line":10,"column":3}}]},"1":{"loc":{"start":{"line":8,"column":6},"end":{"line":8,"column":102}},"type":"binary-expr","locations":[{"start":{"line":8,"column":6},"end":{"line":8,"column":21}},{"start":{"line":8,"column":25},"end":{"line":8,"column":43}},{"start":{"line":8,"column":47},"end":{"line":8,"column":65}},{"start":{"line":8,"column":69},"end":{"line":8,"column":84}},{"start":{"line":8,"column":88},"end":{"line":8,"column":102}}]},"2":{"loc":{"start":{"line":13,"column":2},"end":{"line":15,"column":3}},"type":"if","locations":[{"start":{"line":13,"column":2},"end":{"line":15,"column":3}}]}},"s":{"0":1,"1":1,"2":1,"3":0,"4":0,"5":0,"6":0,"7":0,"8":0,"9":0},"f":{"0":0},"b":{"0":[0],"1":[0,0,0,0,0],"2":[0]}}
,"C:\\Users\\carlo\\OneDrive\\Área de Trabalho\\Pet Time\\pet-time-api\\src\\use-cases\\userUpdateUseCase.ts": {"path":"C:\\Users\\carlo\\OneDrive\\Área de Trabalho\\Pet Time\\pet-time-api\\src\\use-cases\\userUpdateUseCase.ts","statementMap":{"0":{"start":{"line":6,"column":0},"end":{"line":6,"column":7}},"1":{"start":{"line":1,"column":0},"end":{"line":1,"column":82}},"2":{"start":{"line":4,"column":29},"end":{"line":4,"column":55}},"3":{"start":{"line":7,"column":2},"end":{"line":9,"column":3}},"4":{"start":{"line":8,"column":4},"end":{"line":8,"column":null}},"5":{"start":{"line":11,"column":23},"end":{"line":11,"column":79}},"6":{"start":{"line":13,"column":2},"end":{"line":15,"column":3}},"7":{"start":{"line":14,"column":4},"end":{"line":14,"column":null}},"8":{"start":{"line":17,"column":21},"end":{"line":17,"column":68}},"9":{"start":{"line":19,"column":2},"end":{"line":19,"column":null}}},"fnMap":{"0":{"name":"userUpdateUseCase","decl":{"start":{"line":6,"column":22},"end":{"line":6,"column":39}},"loc":{"start":{"line":6,"column":71},"end":{"line":20,"column":1}}}},"branchMap":{"0":{"loc":{"start":{"line":7,"column":2},"end":{"line":9,"column":3}},"type":"if","locations":[{"start":{"line":7,"column":2},"end":{"line":9,"column":3}}]},"1":{"loc":{"start":{"line":13,"column":2},"end":{"line":15,"column":3}},"type":"if","locations":[{"start":{"line":13,"column":2},"end":{"line":15,"column":3}}]}},"s":{"0":1,"1":1,"2":1,"3":0,"4":0,"5":0,"6":0,"7":0,"8":0,"9":0},"f":{"0":0},"b":{"0":[0],"1":[0]}}
,"C:\\Users\\carlo\\OneDrive\\Área de Trabalho\\Pet Time\\pet-time-api\\src\\utils\\hashPassword.ts": {"path":"C:\\Users\\carlo\\OneDrive\\Área de Trabalho\\Pet Time\\pet-time-api\\src\\utils\\hashPassword.ts","statementMap":{"0":{"start":{"line":2,"column":0},"end":{"line":2,"column":7}},"1":{"start":{"line":1,"column":0},"end":{"line":1,"column":27}},"2":{"start":{"line":3,"column":21},"end":{"line":3,"column":22}},"3":{"start":{"line":4,"column":25},"end":{"line":4,"column":76}},"4":{"start":{"line":6,"column":2},"end":{"line":6,"column":null}}},"fnMap":{"0":{"name":"hashPassword","decl":{"start":{"line":2,"column":22},"end":{"line":2,"column":34}},"loc":{"start":{"line":2,"column":51},"end":{"line":7,"column":1}}}},"branchMap":{"0":{"loc":{"start":{"line":4,"column":25},"end":{"line":4,"column":76}},"type":"binary-expr","locations":[{"start":{"line":4,"column":25},"end":{"line":4,"column":33}},{"start":{"line":4,"column":37},"end":{"line":4,"column":76}}]}},"s":{"0":3,"1":3,"2":3,"3":3,"4":1},"f":{"0":3},"b":{"0":[3,2]}}
}
