TN:
SF:src\controllers\createUserController.ts
FN:6,createUserController
FNF:1
FNH:1
FNDA:1,createUserController
DA:2,1
DA:3,1
DA:6,1
DA:7,1
DA:8,1
DA:10,1
DA:15,1
DA:17,1
DA:19,0
LF:9
LH:8
BRF:0
BRH:0
end_of_record
TN:
SF:src\controllers\userUpdateController.ts
FN:6,userUpdateController
FNF:1
FNH:1
FNDA:1,userUpdateController
DA:3,1
DA:6,1
DA:7,1
DA:8,1
DA:10,1
DA:12,1
DA:14,0
LF:7
LH:6
BRF:0
BRH:0
end_of_record
TN:
SF:src\repositories\userCreateRepository.ts
FN:8,(anonymous_0)
FN:17,(anonymous_1)
FNF:2
FNH:0
FNDA:0,(anonymous_0)
FNDA:0,(anonymous_1)
DA:2,1
DA:5,1
DA:7,1
DA:9,0
DA:14,0
DA:18,0
DA:28,0
LF:7
LH:3
BRF:0
BRH:0
end_of_record
TN:
SF:src\repositories\userUpdateRepository.ts
FN:8,(anonymous_0)
FN:17,(anonymous_1)
FNF:2
FNH:0
FNDA:0,(anonymous_0)
FNDA:0,(anonymous_1)
DA:1,1
DA:3,1
DA:5,1
DA:7,1
DA:9,0
DA:14,0
DA:18,0
DA:24,0
DA:25,0
DA:28,0
DA:41,0
LF:11
LH:4
BRDA:24,0,0,0
BRDA:33,1,0,0
BRDA:33,1,1,0
BRDA:34,2,0,0
BRDA:34,2,1,0
BRDA:36,3,0,0
BRDA:36,3,1,0
BRDA:37,4,0,0
BRDA:37,4,1,0
BRF:9
BRH:0
end_of_record
TN:
SF:src\use-cases\userCreateUseCase.ts
FN:7,createUseCase
FNF:1
FNH:0
FNDA:0,createUseCase
DA:1,1
DA:5,1
DA:7,1
DA:8,0
DA:9,0
DA:12,0
DA:13,0
DA:14,0
DA:17,0
DA:19,0
LF:10
LH:3
BRDA:8,0,0,0
BRDA:8,1,0,0
BRDA:8,1,1,0
BRDA:8,1,2,0
BRDA:8,1,3,0
BRDA:8,1,4,0
BRDA:13,2,0,0
BRF:7
BRH:0
end_of_record
TN:
SF:src\use-cases\userUpdateUseCase.ts
FN:6,userUpdateUseCase
FNF:1
FNH:0
FNDA:0,userUpdateUseCase
DA:1,1
DA:4,1
DA:6,1
DA:7,0
DA:8,0
DA:11,0
DA:13,0
DA:14,0
DA:17,0
DA:19,0
LF:10
LH:3
BRDA:7,0,0,0
BRDA:13,1,0,0
BRF:2
BRH:0
end_of_record
TN:
SF:src\utils\hashPassword.ts
FN:2,hashPassword
FNF:1
FNH:1
FNDA:3,hashPassword
DA:1,3
DA:2,3
DA:3,3
DA:4,3
DA:6,1
LF:5
LH:5
BRDA:4,0,0,3
BRDA:4,0,1,2
BRF:2
BRH:2
end_of_record
